[23:56:23] [main/INFO]: Loading for game Minecraft 1.16.4
[23:56:23] [main/INFO]: [FabricLoader] Loading 50 mods: fabric-renderer-api-v1@0.3.3+6a2618f53a, fabric-keybindings-v0@0.2.0+6a2618f53a, fabricloader@0.10.8, fabric-structure-api-v1@1.1.1+f1d8af063a, lithium@0.6.0, fabric-containers-v0@0.1.8+6a2618f53a, fabric-object-builder-api-v1@1.9.2+6a2618f53a, fabric-dimensions-v1@2.0.1+9a6c75813a, fabric-game-rule-api-v1@1.0.3+a4467d2a3a, fabric-api-base@0.2.0+ab87788d3a, fabric-rendering-data-attachment-v1@0.1.4+6a2618f53a, fabric-textures-v0@1.0.5+6a2618f53a, bssentials@3.x, fabric-rendering-fluids-v1@0.1.12+6a2618f53a, fabric-blockrenderlayer-v1@1.1.4+6a2618f53a, fabric-lifecycle-events-v1@1.2.0+6a2618f53a, fabric-renderer-registries-v1@2.2.0+6a2618f53a, fabric-loot-tables-v1@1.0.1+6a2618f53a, fabric@0.27.1+1.16, carpet@1.4.19, fabric-particles-v1@0.2.2+6a2618f53a, fabric-networking-v0@0.1.10+6a2618f53a, fabric-screen-handler-api-v1@1.1.0+6a2618f53a, fabricproxy@1.4.0, minecraft@1.16.4, fabric-networking-blockentity-v0@0.2.5+6a2618f53a, fabric-command-api-v1@1.0.9+6a2618f53a, phosphor@0.6.0+build.7, fabric-tool-attribute-api-v1@1.2.5+6a2618f53a, fabric-renderer-indigo@0.4.3+6a2618f53a, fabric-crash-report-info-v1@0.1.2+b7f9825d3a, fabric-events-interaction-v0@0.4.1+6a2618f53a, fabric-item-api-v1@1.2.0+6a2618f53a, cyber-permissions@1.0, fabric-rendering-v0@1.1.1+6a2618f53a, fabric-rendering-v1@1.4.0+6a2618f53a, fabric-key-binding-api-v1@1.0.1+730711c63a, autoconfig1u@3.3.1, fabric-resource-loader-v0@0.3.2+1944f3e03a, fabric-content-registries-v0@0.2.0+e77439c73a, fabric-tag-extensions-v0@1.1.0+e77439c73a, fabric-biome-api-v1@3.1.0+2e23b97c3a, fabric-registry-sync-v0@0.7.1+285766753a, fabric-commands-v0@0.2.0+6a2618f53a, fabric-mining-levels-v0@0.1.2+6a2618f53a, fabric-events-lifecycle-v0@0.2.0+6a2618f53a, fabric-models-v0@0.1.1+6a2618f53a, fabric-item-groups-v0@0.2.1+6a2618f53a, fabric-object-builders-v0@0.7.1+6a2618f53a, lithium-api@0.6.0
[23:56:23] [main/WARN]: Mod `bssentials` (3.x) does not respect SemVer - comparison support is limited.
[23:56:23] [main/INFO]: SpongePowered MIXIN Subsystem Version=0.8.2 Source=file:/C:/Users/efole/Documents/GitHub/Server/fabric-server-launch.jar Service=Knot/Fabric Env=SERVER
[23:56:26] [main/WARN]: @Mixin target net/minecraft/class_3898$class_3208 is public in fabric-networking-v[23:56:26] [main/INFO]: BungeeCord support injected: one.oktw.mixin.bungee.ClientConnectionMixin
[23:56:26] [main/INFO]: BungeeCord support injected: one.oktw.mixin.bungee.HandshakeC2SPacketAccessor
[23:56:26] [main/INFO]: BungeeCord support injected: one.oktw.mixin.bungee.HandshakeC2SPacketMixin
[23:56:26] [main/INFO]: BungeeCord support injected: one.oktw.mixin.bungee.ServerHandshakeNetworkHandlerMixin
[23:56:26] [main/INFO]: BungeeCord support injected: one.oktw.mixin.bungee.ServerLoginNetworkHandlerMixin
[23:56:31] [main/WARN]: Could not save config.yml to .\config\Bssentials\config.yml because config.yml already exists.
[23:56:31] [main/WARN]: Could not save info.txt to .\config\Bssentials\info.txt because info.txt already exists.
[23:56:31] [main/WARN]: Could not save motd.txt to .\config\Bssentials\motd.txt because motd.txt already exists.
[23:56:31] [main/WARN]: Could not save rules.txt to .\config\Bssentials\rules.txt because rules.txt already exists.
[23:56:31] [main/INFO]: Loading configuration...
[23:56:31] [main/INFO]: Loading CyberPermissions...
[23:56:31] [main/INFO]: CyberPermissions fully loaded...
[23:56:32] [main/INFO]: Environment: authHost='https://authserver.mojang.com', accountsHost='https://api.mojang.com', sessionHost='https://sessionserver.mojang.com', servicesHost='https://api.minecraftservices.com', name='PROD'
[23:56:33] [main/WARN]: Ambiguity between arguments [teleport, destination] and [teleport, targets] with inputs: [Player, 0123, @e, dd12be42-52a9-4a91-a8a1-11c01849e498]
[23:56:33] [main/WARN]: Ambiguity between arguments [teleport, location] and [teleport, destination] with inputs: [0.1 -0.5 .9, 0 0 0]
[23:56:33] [main/WARN]: Ambiguity between arguments [teleport, location] and [teleport, targets] with inputs: [0.1 -0.5 .9, 0 0 0]
[23:56:33] [main/WARN]: Ambiguity between arguments [teleport, targets] and [teleport, destination] with inputs: [Player, 0123, dd12be42-52a9-4a91-a8a1-11c01849e498]
[23:56:33] [main/WARN]: Ambiguity between arguments [teleport, targets, location] and [teleport, targets, destination] with inputs: [0.1 -0.5 .9, 0 0 0]
[23:56:33] [main/INFO]: Reloading ResourceManager: Default, bukkit, Fabric Tool Attribute API (v1)
[23:56:35] [Worker-Main-13/INFO]: Loaded 7 recipes
[23:56:36] [Worker-Main-13/INFO]: Loaded 927 advancements
[23:56:37] [main/INFO]: Applied 0 biome modifications to 0 of 79 new biomes in 3.482 ms
[23:56:38] [Server thread/INFO]: Starting minecraft server version 1.16.4
[23:56:38] [Server thread/INFO]: Loading properties
[23:56:38] [Server console handler/ERROR]: Exception handling console input
java.io.IOException: The handle is invalid
	at java.io.FileInputStream.readBytes(Native Method) ~[?:?]
	at java.io.FileInputStream.read(FileInputStream.java:272) ~[?:?]
	at java.io.BufferedInputStream.read1(BufferedInputStream.java:282) ~[?:?]
	at java.io.BufferedInputStream.read(BufferedInputStream.java:343) ~[?:?]
	at sun.nio.cs.StreamDecoder.readBytes(StreamDecoder.java:297) ~[?:?]
	at sun.nio.cs.StreamDecoder.implRead(StreamDecoder.java:339) ~[?:?]
	at sun.nio.cs.StreamDecoder.read(StreamDecoder.java:188) ~[?:?]
	at java.io.InputStreamReader.read(InputStreamReader.java:181) ~[?:?]
	at java.io.BufferedReader.fill(BufferedReader.java:161) ~[?:?]
	at java.io.BufferedReader.readLine(BufferedReader.java:326) ~[?:?]
	at java.io.BufferedReader.readLine(BufferedReader.java:392) ~[?:?]
	at net.minecraft.class_3176$1.run(class_3176.java:95) [intermediary-server.jar:?]
[23:56:38] [Server thread/INFO]: Default game type: SURVIVAL
[23:56:38] [Server thread/INFO]: Generating keypair
[23:56:38] [Server thread/INFO]: Starting Minecraft server on *:25565
[23:56:38] [Server thread/INFO]: Using default channel type
[23:56:39] [Server thread/WARN]: **** SERVER IS RUNNING IN OFFLINE/INSECURE MODE!
[23:56:39] [Server thread/WARN]: The server will make no attempt to authenticate usernames. Beware.
[23:56:39] [Server thread/WARN]: While this makes the game possible to play without internet access, it also opens up the ability for hackers to connect with any username they choose.
[23:56:39] [Server thread/WARN]: To change this, set "online-mode" to "true" in the server.properties file.
[23:56:39] [Server thread/INFO]: Preparing level "world"
[23:56:39] [Server thread/INFO]: Preparing start region for dimension minecraft:overworld
[23:56:40] [Server thread/INFO]: Preparing spawn area: 0%
[23:56:40] [Server thread/INFO]: Preparing spawn area: 0%
[23:56:40] [Server thread/INFO]: Preparing spawn area: 0%
[23:56:41] [Server thread/INFO]: Preparing spawn area: 59%
[23:56:41] [Server thread/INFO]: Time elapsed: 1864 ms
[23:56:41] [Server thread/INFO]: Done (2.443s)! For help, type "help"
[23:56:41] [Server thread/INFO]: Registering commands...
[23:56:41] [Server thread/INFO]: Registered 41 commands
[23:56:41] [Server thread/INFO]: Bssentials version FABRIC_BETA_BUILD
[23:57:37] [Server thread/INFO]: DonutBother[/127.0.0.1:55832] logged in with entity id 24 at (2227.5, 66.0, 1.5)
[23:57:37] [Server thread/INFO]: DonutBother joined the game
[23:57:51] [Server thread/INFO]: DonutBother lost connection: Disconnected
[23:57:51] [Server thread/INFO]: DonutBother left the game
[23:58:07] [Server thread/INFO]: DonutBother[/127.0.0.1:55859] logged in with entity id 144 at (2222.3528, 68.0, 1.6030397)
[23:58:07] [Server thread/INFO]: DonutBother joined the game
[23:58:07] [Netty Server IO #2/WARN]: Player DonutBother joined with another carpet version: 1.4.17+v201111
[23:58:12] [Server thread/INFO]: DonutBother lost connection: Disconnected
[23:58:12] [Server thread/INFO]: DonutBother left the game
